-- FreeFem++ v4.9 (Tue, Apr 20, 2021 12:10:29 AM - git v4.9)
 Load: lg_fem lg_mesh lg_mesh3 eigenvalue
    1 : // load relevant modules
    2 : load "msh3"(load: loadLibary C:\Program Files (x86)\FreeFem++\\.\msh3 = 0)
    3 : load "medit"(load: loadLibary C:\Program Files (x86)\FreeFem++\\.\medit = 0)
    4 : load "tetgen"(load: loadLibary C:\Program Files (x86)\FreeFem++\\.\tetgen = 0) load: tetgen
 
    5 : load "gmsh"(load: loadLibary C:\Program Files (x86)\FreeFem++\\.\gmsh = 0)
    6 :
    7 : // functions
    8 : func f = 1.;
    9 : func g = 1.;
   10 :
   11 : // Parameters
   12 : int nn = 3; // Mesh quality
   13 :
   14 : // depth of error message detail
   15 : verbosity=2;
   16 :
   17 : // import custom mesh
   18 : mesh3 Th=gmshload3("..\Geometry\Navier_Stokes_Cube.msh");
   19 :
   20 : // plot imported mesh
   21 : plot(Th, cmm="Mesh from GMSH",wait=1);
   22 :
   23 : // Fespace
   24 : fespace Vh(Th, P1); // Change P1 to P2 to test P2 finite element
   25 : Vh u, v;
   26 :
   27 : // Macro
   30 #  )  // Problem[dx(u), dy(u), dz(u)]
   31 : problem Poisson (u, v, solver=CG, eps=-1.e-6)
   32 :    = int3d(Th)(
   33 :         grad(u)
   29 @
   30 @  [dx(u), dy(u), dz(u)]
   29 @
   30 @ ' * grad(v)
   29 @
   30 @  [dx(v), dy(v), dz(v)]
   29 @
   30 @
   34 :    )
   35 :    - int3d(Th)(
   36 :         f * v
   37 :    )
   38 :    + on(1, u= -2.0*g)
   39 :    + on(2, u= g)
   40 : ;
   41 :
   42 : //solve
   43 : Poisson;
   44 :
   45 : //plot result
   46 : plot(u);
   47 :
   48 : // mesh volume
   49 : real vol = int3d(Th,37)(1.) ;
   50 :
   51 : cout << "mesh volume " << vol << endl; sizestack + 1024 =1752  ( 728 )
 
 PhysicalNames is not considered in freefem++
1919 vertices
closing file 8151 2232
8151 tetrahedrons
2232 triangles
10383 numElements
  -- BuildAdj:0x118e7710 nb Elememt 8151 nb vertices 1919
             : nb adj  = 17418 on border 2232 nea = 4 nva = 3 nb no manifold border 0
 
  -- End of read: mesure = 1.01453 border mesure 6.36476
Plot bound [x,y] 0 0 max [x,y] 0 0
  Plot::  Sorry no ps version for this type of plot 5
  -- FESpace: Nb of Nodes 1919 Nb of DoF 1919
   -- Change of Mesh 0  0x118e7710
   -- size of Matrix 0 Bytes
 Warning: -- Your set of boundary condition is incompatible with the mesh label.
 Warning: -- Your set of boundary condition is incompatible with the mesh label.
  GC:iteration 1535 rho 6.04332e-07 gamma 0.998394 ||g||_C^2:5.50994e+20 / 1e-12
Error: ConjugueGradient do not converge nb end =1
  current line = 43
Assertion fail : (0)
        line :189, in file ../femlib/VirtualSolverCG.hpp
 catch an erreur in  solve  =>  set  sol = 0 !!!!!!!
Assertion fail : (0)
        line :189, in file ../femlib/VirtualSolverCG.hpp
 err code 6 ,  mpirank 0
 try getConsole C:\Users\sarao\OneDrive\Development\Cabinet\Finite Element Method\Cabinet_Poisson.edp
